This is pdfTeXk, Version 3.1415926-1.40.9 (Web2C 7.5.7) (format=pdflatex 2008.12.28)  31 OCT 2010 20:49
entering extended mode
\write18 enabled.
 %&-line parsing enabled.
**"Graphics course.tex"
(./Graphics course.tex
LaTeX2e <2005/12/01>
Babel <v3.8l> and hyphenation patterns for english, usenglishmax, dumylang, noh
yphenation, german-x-2008-06-18, ngerman-x-2008-06-18, ancientgreek, ibycus, ar
abic, basque, bulgarian, catalan, pinyin, coptic, croatian, czech, danish, dutc
h, esperanto, estonian, farsi, finnish, french, galician, german, ngerman, mono
greek, greek, hungarian, icelandic, indonesian, interlingua, irish, italian, la
tin, lithuanian, mongolian, mongolian2a, bokmal, nynorsk, polish, portuguese, r
omanian, russian, sanskrit, serbian, slovak, slovenian, spanish, swedish, turki
sh, ukenglish, ukrainian, uppersorbian, welsh, loaded.
(/usr/local/texlive/2008/texmf-dist/tex/latex/beamer/beamer.cls
(/usr/local/texlive/2008/texmf-dist/tex/latex/beamer/beamerbasercs.sty
Package: beamerbasercs 2007/01/28 (rcs-revision 1.4)
)
Document Class: beamer 2007/03/11 cvs version 3.07 A class for typesetting pres
entations (rcs-revision 1.70)
(/usr/local/texlive/2008/texmf-dist/tex/latex/beamer/beamerbasemodes.sty
Package: beamerbasemodes 2007/01/28 (rcs-revision 1.22)
\beamer@tempbox=\box26
\beamer@tempcount=\count79
\c@beamerpauses=\count80

(/usr/local/texlive/2008/texmf-dist/tex/latex/beamer/beamerbasedecode.sty
Package: beamerbasedecode 2007/01/28 (rcs-revision 1.20)
\beamer@slideinframe=\count81
\beamer@minimum=\count82
)
\beamer@commentbox=\box27
\beamer@modecount=\count83
)
\headheight=\dimen102
\headdp=\dimen103
\footheight=\dimen104
\sidebarheight=\dimen105
\beamer@tempdim=\dimen106
\beamer@finalheight=\dimen107
\beamer@animht=\dimen108
\beamer@animdp=\dimen109
\beamer@animwd=\dimen110
\beamer@leftmargin=\dimen111
\beamer@rightmargin=\dimen112
\beamer@leftsidebar=\dimen113
\beamer@rightsidebar=\dimen114
\beamer@boxsize=\dimen115
\beamer@vboxoffset=\dimen116
\beamer@descdefault=\dimen117
\beamer@descriptionwidth=\dimen118
\beamer@lastskip=\skip41
\beamer@areabox=\box28
\beamer@animcurrent=\box29
\beamer@animshowbox=\box30
\beamer@sectionbox=\box31
\beamer@logobox=\box32
\beamer@linebox=\box33
\beamer@sectioncount=\count84
\beamer@subsubsectionmax=\count85
\beamer@subsectionmax=\count86
\beamer@sectionmax=\count87
\beamer@totalheads=\count88
\beamer@headcounter=\count89
\beamer@partstartpage=\count90
\beamer@sectionstartpage=\count91
\beamer@subsectionstartpage=\count92
\beamer@animationtempa=\count93
\beamer@animationtempb=\count94
\beamer@xpos=\count95
\beamer@ypos=\count96
\beamer@showpartnumber=\count97
\beamer@currentsubsection=\count98
\beamer@coveringdepth=\count99
\beamer@sectionadjust=\count100
\beamer@tocsectionnumber=\count101

(/usr/local/texlive/2008/texmf-dist/tex/latex/beamer/beamerbaseoptions.sty
Package: beamerbaseoptions 2007/01/28 (rcs-revision 1.8)

(/usr/local/texlive/2008/../texmf-local/tex/latex/graphics/keyval.sty
Package: keyval 1999/03/16 v1.13 key=value parser (DPC)
\KV@toks@=\toks14
))
(/usr/local/texlive/2008/texmf-dist/tex/latex/pgf/basiclayer/pgfcore.sty
(/usr/local/texlive/2008/../texmf-local/tex/latex/graphics/graphicx.sty
Package: graphicx 1999/02/16 v1.0f Enhanced LaTeX Graphics (DPC,SPQR)

(/usr/local/texlive/2008/../texmf-local/tex/latex/graphics/graphics.sty
Package: graphics 2006/02/20 v1.0o Standard LaTeX Graphics (DPC,SPQR)

(/usr/local/texlive/2008/../texmf-local/tex/latex/graphics/trig.sty
Package: trig 1999/03/16 v1.09 sin cos tan (DPC)
)
(/usr/local/texlive/2008/texmf/tex/latex/config/graphics.cfg
File: graphics.cfg 2007/01/18 v1.5 graphics configuration of teTeX/TeXLive
)
Package graphics Info: Driver file: pdftex.def on input line 90.

(/usr/local/texlive/2008/texmf-dist/tex/latex/pdftex-def/pdftex.def
File: pdftex.def 2008/09/08 v0.04l Graphics/color for pdfTeX
\Gread@gobject=\count102
))
\Gin@req@height=\dimen119
\Gin@req@width=\dimen120
)
(/usr/local/texlive/2008/texmf-dist/tex/latex/pgf/systemlayer/pgfsys.sty
(/usr/local/texlive/2008/texmf-dist/tex/latex/pgf/utilities/pgfrcs.sty
(/usr/local/texlive/2008/texmf-dist/tex/generic/pgf/utilities/pgfutil-common.te
x
\pgfutil@everybye=\toks15
)
(/usr/local/texlive/2008/texmf-dist/tex/generic/pgf/utilities/pgfutil-latex.def
) (/usr/local/texlive/2008/texmf-dist/tex/generic/pgf/utilities/pgfrcs.code.tex
Package: pgfrcs 2008/02/20 v2.00 (rcs-revision 1.21)
))
(/usr/local/texlive/2008/texmf-dist/tex/generic/pgf/systemlayer/pgfsys.code.tex
Package: pgfsys 2008/02/07 v2.00 (rcs-revision 1.31)
(/usr/local/texlive/2008/texmf-dist/tex/generic/pgf/utilities/pgfkeys.code.tex
\pgfkeys@pathtoks=\toks16
\pgfkeys@temptoks=\toks17
)
\pgf@x=\dimen121
\pgf@y=\dimen122
\pgf@xa=\dimen123
\pgf@ya=\dimen124
\pgf@xb=\dimen125
\pgf@yb=\dimen126
\pgf@xc=\dimen127
\pgf@yc=\dimen128
\c@pgf@counta=\count103
\c@pgf@countb=\count104
\c@pgf@countc=\count105
\c@pgf@countd=\count106
(/usr/local/texlive/2008/texmf-dist/tex/generic/pgf/systemlayer/pgf.cfg
File: pgf.cfg 2008/01/13  (rcs-revision 1.6)
)
Package pgfsys Info: Driver file for pgf: pgfsys-pdftex.def on input line 885.

(/usr/local/texlive/2008/texmf-dist/tex/generic/pgf/systemlayer/pgfsys-pdftex.d
ef
File: pgfsys-pdftex.def 2007/12/20  (rcs-revision 1.20)

(/usr/local/texlive/2008/texmf-dist/tex/generic/pgf/systemlayer/pgfsys-common-p
df.def
File: pgfsys-common-pdf.def 2007/12/17  (rcs-revision 1.8)
)))
(/usr/local/texlive/2008/texmf-dist/tex/generic/pgf/systemlayer/pgfsyssoftpath.
code.tex
File: pgfsyssoftpath.code.tex 2008/01/23  (rcs-revision 1.6)
\pgfsyssoftpath@smallbuffer@items=\count107
\pgfsyssoftpath@bigbuffer@items=\count108
)
(/usr/local/texlive/2008/texmf-dist/tex/generic/pgf/systemlayer/pgfsysprotocol.
code.tex
File: pgfsysprotocol.code.tex 2006/10/16  (rcs-revision 1.4)
)) (/usr/local/texlive/2008/texmf-dist/tex/latex/xcolor/xcolor.sty
Package: xcolor 2007/01/21 v2.11 LaTeX color extensions (UK)

(/usr/local/texlive/2008/texmf/tex/latex/config/color.cfg
File: color.cfg 2007/01/18 v1.5 color configuration of teTeX/TeXLive
)
Package xcolor Info: Driver file: pdftex.def on input line 225.
Package xcolor Info: Model `cmy' substituted by `cmy0' on input line 1337.
Package xcolor Info: Model `hsb' substituted by `rgb' on input line 1341.
Package xcolor Info: Model `RGB' extended on input line 1353.
Package xcolor Info: Model `HTML' substituted by `rgb' on input line 1355.
Package xcolor Info: Model `Hsb' substituted by `hsb' on input line 1356.
Package xcolor Info: Model `tHsb' substituted by `hsb' on input line 1357.
Package xcolor Info: Model `HSB' substituted by `hsb' on input line 1358.
Package xcolor Info: Model `Gray' substituted by `gray' on input line 1359.
Package xcolor Info: Model `wave' substituted by `hsb' on input line 1360.
)
(/usr/local/texlive/2008/texmf-dist/tex/generic/pgf/basiclayer/pgfcore.code.tex
Package: pgfcore 2008/01/15 v2.00 (rcs-revision 1.6)
(/usr/local/texlive/2008/texmf-dist/tex/generic/pgf/math/pgfmath.code.tex
(/usr/local/texlive/2008/texmf-dist/tex/generic/pgf/math/pgfmathcalc.code.tex
(/usr/local/texlive/2008/texmf-dist/tex/generic/pgf/math/pgfmathutil.code.tex
\pgfmath@box=\box34
)
(/usr/local/texlive/2008/texmf-dist/tex/generic/pgf/math/pgfmathparser.code.tex
\pgfmath@stack=\toks18
\c@pgfmath@parsecounta=\count109
\c@pgfmath@parsecountb=\count110
\c@pgfmath@parsecountc=\count111
\pgfmath@parsex=\dimen129
)
(/usr/local/texlive/2008/texmf-dist/tex/generic/pgf/math/pgfmathoperations.code
.tex
(/usr/local/texlive/2008/texmf-dist/tex/generic/pgf/math/pgfmathtrig.code.tex)
(/usr/local/texlive/2008/texmf-dist/tex/generic/pgf/math/pgfmathrnd.code.tex))
(/usr/local/texlive/2008/texmf-dist/tex/generic/pgf/math/pgfmathbase.code.tex))
)
(/usr/local/texlive/2008/texmf-dist/tex/generic/pgf/basiclayer/pgfcorepoints.co
de.tex
File: pgfcorepoints.code.tex 2008/02/03  (rcs-revision 1.13)
\pgf@picminx=\dimen130
\pgf@picmaxx=\dimen131
\pgf@picminy=\dimen132
\pgf@picmaxy=\dimen133
\pgf@pathminx=\dimen134
\pgf@pathmaxx=\dimen135
\pgf@pathminy=\dimen136
\pgf@pathmaxy=\dimen137
\pgf@xx=\dimen138
\pgf@xy=\dimen139
\pgf@yx=\dimen140
\pgf@yy=\dimen141
\pgf@zx=\dimen142
\pgf@zy=\dimen143
)
(/usr/local/texlive/2008/texmf-dist/tex/generic/pgf/basiclayer/pgfcorepathconst
ruct.code.tex
File: pgfcorepathconstruct.code.tex 2008/02/13  (rcs-revision 1.14)
\pgf@path@lastx=\dimen144
\pgf@path@lasty=\dimen145
)
(/usr/local/texlive/2008/texmf-dist/tex/generic/pgf/basiclayer/pgfcorepathusage
.code.tex
File: pgfcorepathusage.code.tex 2008/01/23  (rcs-revision 1.11)
\pgf@shorten@end@additional=\dimen146
\pgf@shorten@start@additional=\dimen147
)
(/usr/local/texlive/2008/texmf-dist/tex/generic/pgf/basiclayer/pgfcorescopes.co
de.tex
File: pgfcorescopes.code.tex 2008/01/15  (rcs-revision 1.26)
\pgfpic=\box35
\pgf@hbox=\box36
\pgf@layerbox@main=\box37
\pgf@picture@serial@count=\count112
)
(/usr/local/texlive/2008/texmf-dist/tex/generic/pgf/basiclayer/pgfcoregraphicst
ate.code.tex
File: pgfcoregraphicstate.code.tex 2007/12/12  (rcs-revision 1.8)
\pgflinewidth=\dimen148
)
(/usr/local/texlive/2008/texmf-dist/tex/generic/pgf/basiclayer/pgfcoretransform
ations.code.tex
File: pgfcoretransformations.code.tex 2008/02/04  (rcs-revision 1.10)
\pgf@pt@x=\dimen149
\pgf@pt@y=\dimen150
\pgf@pt@temp=\dimen151
)
(/usr/local/texlive/2008/texmf-dist/tex/generic/pgf/basiclayer/pgfcorequick.cod
e.tex
File: pgfcorequick.code.tex 2006/10/11  (rcs-revision 1.2)
)
(/usr/local/texlive/2008/texmf-dist/tex/generic/pgf/basiclayer/pgfcoreobjects.c
ode.tex
File: pgfcoreobjects.code.tex 2006/10/11  (rcs-revision 1.2)
)
(/usr/local/texlive/2008/texmf-dist/tex/generic/pgf/basiclayer/pgfcorepathproce
ssing.code.tex
File: pgfcorepathprocessing.code.tex 2008/01/23  (rcs-revision 1.7)
)
(/usr/local/texlive/2008/texmf-dist/tex/generic/pgf/basiclayer/pgfcorearrows.co
de.tex
File: pgfcorearrows.code.tex 2007/06/07  (rcs-revision 1.8)
)
(/usr/local/texlive/2008/texmf-dist/tex/generic/pgf/basiclayer/pgfcoreshade.cod
e.tex
File: pgfcoreshade.code.tex 2007/12/10  (rcs-revision 1.9)
\pgf@max=\dimen152
\pgf@sys@shading@range@num=\count113
)
(/usr/local/texlive/2008/texmf-dist/tex/generic/pgf/basiclayer/pgfcoreimage.cod
e.tex
File: pgfcoreimage.code.tex 2008/01/15  (rcs-revision 1.1)
\pgfexternal@startupbox=\box38
)
(/usr/local/texlive/2008/texmf-dist/tex/generic/pgf/basiclayer/pgfcorelayers.co
de.tex
File: pgfcorelayers.code.tex 2008/01/15  (rcs-revision 1.1)
)
(/usr/local/texlive/2008/texmf-dist/tex/generic/pgf/basiclayer/pgfcoretranspare
ncy.code.tex
File: pgfcoretransparency.code.tex 2008/01/17  (rcs-revision 1.2)
)
(/usr/local/texlive/2008/texmf-dist/tex/generic/pgf/basiclayer/pgfcorepatterns.
code.tex
File: pgfcorepatterns.code.tex 2008/01/15  (rcs-revision 1.1)
)))
(/usr/local/texlive/2008/texmf-dist/tex/latex/pgf/basiclayer/pgfbaseimage.sty

Package pgf Warning: This package is obsolete and no longer needed on input lin
e 13.

) (/usr/local/texlive/2008/texmf-dist/tex/latex/pgf/utilities/xxcolor.sty
Package: xxcolor 2003/10/24 ver 0.1
\XC@nummixins=\count114
\XC@countmixins=\count115
)
(/usr/local/texlive/2008/texmf-dist/tex/latex/amsfonts/amssymb.sty
Package: amssymb 2002/01/22 v2.2d

(/usr/local/texlive/2008/texmf-dist/tex/latex/amsfonts/amsfonts.sty
Package: amsfonts 2001/10/25 v2.2f
\@emptytoks=\toks19
\symAMSa=\mathgroup4
\symAMSb=\mathgroup5
LaTeX Font Info:    Overwriting math alphabet `\mathfrak' in version `bold'
(Font)                  U/euf/m/n --> U/euf/b/n on input line 132.
))
(/usr/local/texlive/2008/texmf-dist/tex/latex/geometry/geometry.sty
Package: geometry 2008/12/21 v4.2 Page Geometry

(/usr/local/texlive/2008/texmf-dist/tex/generic/oberdiek/ifpdf.sty
Package: ifpdf 2007/12/12 v1.6 Provides the ifpdf switch (HO)
Package ifpdf Info: pdfTeX in pdf mode detected.
)
(/usr/local/texlive/2008/texmf-dist/tex/generic/oberdiek/ifvtex.sty
Package: ifvtex 2008/11/04 v1.4 Switches for detecting VTeX and its modes (HO)
Package ifvtex Info: VTeX not detected.
)
\Gm@cnth=\count116
\Gm@cntv=\count117
\c@Gm@tempcnt=\count118
\Gm@bindingoffset=\dimen153
\Gm@wd@mp=\dimen154
\Gm@odd@mp=\dimen155
\Gm@even@mp=\dimen156
\Gm@dimlist=\toks20

(/usr/local/texlive/2008/texmf-dist/tex/xelatex/xetexconfig/geometry.cfg))
(/usr/local/texlive/2008/texmf-dist/tex/latex/hyperref/hyperref.sty
Package: hyperref 2009/02/22 v6.78p Hypertext links for LaTeX

(/usr/local/texlive/2008/texmf-dist/tex/generic/ifxetex/ifxetex.sty
Package: ifxetex 2009/01/23 v0.5 Provides ifxetex conditional
)
(/usr/local/texlive/2008/texmf-dist/tex/latex/oberdiek/hycolor.sty
Package: hycolor 2008/09/08 v1.4 Code for color options of hyperref/bookmark (H
O)

(/usr/local/texlive/2008/texmf-dist/tex/latex/oberdiek/xcolor-patch.sty
Package: xcolor-patch 2008/09/08 xcolor patch
))
\@linkdim=\dimen157
\Hy@linkcounter=\count119
\Hy@pagecounter=\count120

(/usr/local/texlive/2008/texmf-dist/tex/latex/hyperref/pd1enc.def
File: pd1enc.def 2009/02/22 v6.78p Hyperref: PDFDocEncoding definition (HO)
)
(/usr/local/texlive/2008/texmf-dist/tex/generic/oberdiek/etexcmds.sty
Package: etexcmds 2007/12/12 v1.2 Prefix for e-TeX command names (HO)

(/usr/local/texlive/2008/texmf-dist/tex/generic/oberdiek/infwarerr.sty
Package: infwarerr 2007/09/09 v1.2 Providing info/warning/message (HO)
)
Package etexcmds Info: Could not find \expanded.
(etexcmds)             That can mean that you are not using pdfTeX 1.50 or
(etexcmds)             that some package has redefined \expanded.
(etexcmds)             In the latter case, load this package earlier.
)
(/usr/local/texlive/2008/texmf/tex/latex/config/hyperref.cfg
File: hyperref.cfg 2002/06/06 v1.2 hyperref configuration of TeXLive
)
(/usr/local/texlive/2008/texmf-dist/tex/latex/oberdiek/kvoptions.sty
Package: kvoptions 2007/10/18 v3.0 Keyval support for LaTeX options (HO)
)
Package hyperref Info: Option `bookmarks' set `true' on input line 2824.
Package hyperref Info: Option `bookmarksopen' set `true' on input line 2824.
Package hyperref Info: Option `implicit' set `false' on input line 2824.
Package hyperref Info: Hyper figures OFF on input line 2935.
Package hyperref Info: Link nesting OFF on input line 2940.
Package hyperref Info: Hyper index ON on input line 2943.
Package hyperref Info: Plain pages OFF on input line 2950.
Package hyperref Info: Backreferencing OFF on input line 2955.

Implicit mode OFF; no redefinition of LaTeX internals
Package hyperref Info: Bookmarks ON on input line 3145.
(/usr/local/texlive/2008/texmf-dist/tex/latex/ltxmisc/url.sty
\Urlmuskip=\muskip10
Package: url 2006/04/12  ver 3.3  Verb mode for urls, etc.
)
LaTeX Info: Redefining \url on input line 3382.

(/usr/local/texlive/2008/texmf-dist/tex/generic/oberdiek/bitset.sty
Package: bitset 2007/09/28 v1.0 Data type bit set (HO)

(/usr/local/texlive/2008/texmf-dist/tex/generic/oberdiek/intcalc.sty
Package: intcalc 2007/09/27 v1.1 Expandable integer calculations (HO)
)
(/usr/local/texlive/2008/texmf-dist/tex/generic/oberdiek/bigintcalc.sty
Package: bigintcalc 2007/11/11 v1.1 Expandable big integer calculations (HO)

(/usr/local/texlive/2008/texmf-dist/tex/generic/oberdiek/pdftexcmds.sty
Package: pdftexcmds 2007/12/12 v0.3 LuaTeX support for pdfTeX utility functions
 (HO)
Package pdftexcmds Info: LuaTeX not detected on input line 139.
)))
(/usr/local/texlive/2008/texmf-dist/tex/generic/oberdiek/kvsetkeys.sty
Package: kvsetkeys 2007/09/29 v1.3 Key value parser with default handler suppor
t (HO)
)
\Fld@menulength=\count121
\Field@Width=\dimen158
\Fld@charsize=\dimen159
\Field@toks=\toks21
Package hyperref Info: Hyper figures OFF on input line 4299.
Package hyperref Info: Link nesting OFF on input line 4304.
Package hyperref Info: Hyper index ON on input line 4307.
Package hyperref Info: backreferencing OFF on input line 4314.
Package hyperref Info: Link coloring OFF on input line 4319.
Package hyperref Info: Link coloring with OCG OFF on input line 4324.
Package hyperref Info: PDF/A mode OFF on input line 4329.

(/usr/local/texlive/2008/texmf-dist/tex/generic/oberdiek/atbegshi.sty
Package: atbegshi 2008/07/31 v1.9 At begin shipout hook (HO)
)

Package hyperref Warning: Option `pdfpagelabels' is turned off
(hyperref)                because \thepage is undefined.

Hyperref stopped early
)
*hyperref using default driver hpdftex*
(/usr/local/texlive/2008/texmf-dist/tex/latex/hyperref/hpdftex.def
File: hpdftex.def 2009/02/22 v6.78p Hyperref driver for pdfTeX
\Fld@listcount=\count122
)
(/usr/local/texlive/2008/../texmf-local/tex/latex/base/size11.clo
File: size11.clo 2005/09/16 v1.4f Standard LaTeX file (size option)
)
(/usr/local/texlive/2008/texmf-dist/tex/latex/beamer/beamerbasecompatibility.st
y
Package: beamerbasecompatibility 2007/01/28  (rcs-revision 1.63)
) (/usr/local/texlive/2008/texmf-dist/tex/latex/beamer/beamerbasefont.sty
Package: beamerbasefont 2007/01/28  (rcs-revision 1.16)
)
(/usr/local/texlive/2008/texmf-dist/tex/latex/beamer/beamerbasemisc.sty
Package: beamerbasemisc 2007/01/28  (rcs-revision 1.24)
)
(/usr/local/texlive/2008/texmf-dist/tex/latex/beamer/beamerbasetwoscreens.sty
Package: beamerbasetwoscreens 2007/01/28  (rcs-revision 1.7)
)
(/usr/local/texlive/2008/texmf-dist/tex/latex/beamer/beamerbaseoverlay.sty
Package: beamerbaseoverlay 2007/01/28  (rcs-revision 1.50)
\beamer@argscount=\count123
\beamer@lastskipcover=\skip42
\beamer@trivlistdepth=\count124
)
(/usr/local/texlive/2008/texmf-dist/tex/latex/beamer/beamerbasetitle.sty
Package: beamerbasetitle 2007/01/28  (rcs-revision 1.25)
)
(/usr/local/texlive/2008/texmf-dist/tex/latex/beamer/beamerbasesection.sty
Package: beamerbasesection 2007/01/28  (rcs-revision 1.21)
\c@lecture=\count125
\c@part=\count126
\c@section=\count127
\c@subsection=\count128
\c@subsubsection=\count129
)
(/usr/local/texlive/2008/texmf-dist/tex/latex/beamer/beamerbaseframe.sty
Package: beamerbaseframe 2007/01/28  (rcs-revision 1.60)
\beamer@framebox=\box39
\beamer@frametitlebox=\box40
\beamer@zoombox=\box41
\beamer@zoomcount=\count130
\beamer@zoomframecount=\count131
\beamer@frametextheight=\dimen160
\c@subsectionslide=\count132
\beamer@frametopskip=\skip43
\beamer@framebottomskip=\skip44
\beamer@frametopskipautobreak=\skip45
\beamer@framebottomskipautobreak=\skip46
\beamer@envbody=\toks22
\c@framenumber=\count133
)
(/usr/local/texlive/2008/texmf-dist/tex/latex/beamer/beamerbaseverbatim.sty
Package: beamerbaseverbatim 2007/01/28  (rcs-revision 1.8)
\beamer@verbatimfileout=\write3
)
(/usr/local/texlive/2008/texmf-dist/tex/latex/beamer/beamerbaseframesize.sty
Package: beamerbaseframesize 2007/01/28  (rcs-revision 1.18)
\beamer@splitbox=\box42
\beamer@autobreakcount=\count134
\beamer@autobreaklastheight=\dimen161
\beamer@frametitletoks=\toks23
\beamer@framesubtitletoks=\toks24
)
(/usr/local/texlive/2008/texmf-dist/tex/latex/beamer/beamerbaseframecomponents.
sty
Package: beamerbaseframecomponents 2007/01/28  (rcs-revision 1.41)
\beamer@footins=\box43
) (/usr/local/texlive/2008/texmf-dist/tex/latex/beamer/beamerbasecolor.sty
Package: beamerbasecolor 2007/01/28  (rcs-revision 1.42)
)
(/usr/local/texlive/2008/texmf-dist/tex/latex/beamer/beamerbasenotes.sty
Package: beamerbasenotes 2007/01/28  (rcs-revision 1.23)
\beamer@frameboxcopy=\box44
)
(/usr/local/texlive/2008/texmf-dist/tex/latex/beamer/beamerbasetoc.sty
Package: beamerbasetoc 2007/01/28  (rcs-revision 1.21)
)
(/usr/local/texlive/2008/texmf-dist/tex/latex/beamer/beamerbasetemplates.sty
Package: beamerbasetemplates 2007/01/28  (rcs-revision 1.51)
\beamer@sbttoks=\toks25

(/usr/local/texlive/2008/texmf-dist/tex/latex/beamer/beamerbaseauxtemplates.sty
Package: beamerbaseauxtemplates 2007/01/28  (rcs-revision 1.28)
(/usr/local/texlive/2008/texmf-dist/tex/latex/beamer/beamerbaseboxes.sty
Package: beamerbaseboxes 2007/03/11  (rcs-revision 1.32)
\bmb@box=\box45
\bmb@colorbox=\box46
\bmb@boxshadow=\box47
\bmb@boxshadowball=\box48
\bmb@boxshadowballlarge=\box49
\bmb@temp=\dimen162
\bmb@dima=\dimen163
\bmb@dimb=\dimen164
\bmb@prevheight=\dimen165
)
\beamer@blockheadheight=\dimen166
))
(/usr/local/texlive/2008/texmf-dist/tex/latex/beamer/beamerbaselocalstructure.s
ty
Package: beamerbaselocalstructure 2007/01/28  (rcs-revision 1.53)
 (/usr/local/texlive/2008/../texmf-local/tex/latex/tools/enumerate.sty
Package: enumerate 1999/03/05 v3.00 enumerate extensions (DPC)
\@enLab=\toks26
)
\c@figure=\count135
\c@table=\count136
\abovecaptionskip=\skip47
\belowcaptionskip=\skip48
)
(/usr/local/texlive/2008/texmf-dist/tex/latex/beamer/beamerbasenavigation.sty
Package: beamerbasenavigation 2007/01/28  (rcs-revision 1.36)
)
(/usr/local/texlive/2008/texmf-dist/tex/latex/beamer/beamerbasetheorems.sty
Package: beamerbasetheorems 2007/01/28  (rcs-revision 1.10)

(/usr/local/texlive/2008/texmf-dist/tex/latex/translator/translator.sty
Package: translator 2007/03/11 ver 1.00

(/usr/local/texlive/2008/texmf-dist/tex/latex/translator/translator-language-ma
ppings.tex)) (/usr/local/texlive/2008/texmf-dist/tex/latex/amsmath/amsmath.sty
Package: amsmath 2000/07/18 v2.13 AMS math features
\@mathmargin=\skip49

For additional information on amsmath, use the `?' option.
(/usr/local/texlive/2008/texmf-dist/tex/latex/amsmath/amstext.sty
Package: amstext 2000/06/29 v2.01

(/usr/local/texlive/2008/texmf-dist/tex/latex/amsmath/amsgen.sty
File: amsgen.sty 1999/11/30 v2.0
\@emptytoks=\toks27
\ex@=\dimen167
))
(/usr/local/texlive/2008/texmf-dist/tex/latex/amsmath/amsbsy.sty
Package: amsbsy 1999/11/29 v1.2d
\pmbraise@=\dimen168
)
(/usr/local/texlive/2008/texmf-dist/tex/latex/amsmath/amsopn.sty
Package: amsopn 1999/12/14 v2.01 operator names
)
\inf@bad=\count137
LaTeX Info: Redefining \frac on input line 211.
\uproot@=\count138
\leftroot@=\count139
LaTeX Info: Redefining \overline on input line 307.
\classnum@=\count140
\DOTSCASE@=\count141
LaTeX Info: Redefining \ldots on input line 379.
LaTeX Info: Redefining \dots on input line 382.
LaTeX Info: Redefining \cdots on input line 467.
\Mathstrutbox@=\box50
\strutbox@=\box51
\big@size=\dimen169
LaTeX Font Info:    Redeclaring font encoding OML on input line 567.
LaTeX Font Info:    Redeclaring font encoding OMS on input line 568.
\macc@depth=\count142
\c@MaxMatrixCols=\count143
\dotsspace@=\muskip11
\c@parentequation=\count144
\dspbrk@lvl=\count145
\tag@help=\toks28
\row@=\count146
\column@=\count147
\maxfields@=\count148
\andhelp@=\toks29
\eqnshift@=\dimen170
\alignsep@=\dimen171
\tagshift@=\dimen172
\tagwidth@=\dimen173
\totwidth@=\dimen174
\lineht@=\dimen175
\@envbody=\toks30
\multlinegap=\skip50
\multlinetaggap=\skip51
\mathdisplay@stack=\toks31
LaTeX Info: Redefining \[ on input line 2666.
LaTeX Info: Redefining \] on input line 2667.
)
(/usr/local/texlive/2008/texmf-dist/tex/latex/amscls/amsthm.sty
Package: amsthm 2004/08/06 v2.20
\thm@style=\toks32
\thm@bodyfont=\toks33
\thm@headfont=\toks34
\thm@notefont=\toks35
\thm@headpunct=\toks36
\thm@preskip=\skip52
\thm@postskip=\skip53
\thm@headsep=\skip54
\dth@everypar=\toks37
)
\c@theorem=\count149
)
(/usr/local/texlive/2008/texmf-dist/tex/latex/beamer/beamerbasethemes.sty
Package: beamerbasethemes 2007/01/28  (rcs-revision 1.10)
)
(/usr/local/texlive/2008/texmf-dist/tex/latex/beamer/themes/theme/beamerthemede
fault.sty
Package: beamerthemedefault 2007/01/28  (rcs-revision 1.7)

(/usr/local/texlive/2008/texmf-dist/tex/latex/beamer/themes/font/beamerfontthem
edefault.sty
Package: beamerfontthemedefault 2007/01/28  (rcs-revision 1.13)
)
(/usr/local/texlive/2008/texmf-dist/tex/latex/beamer/themes/color/beamercolorth
emedefault.sty
Package: beamercolorthemedefault 2007/01/28  (rcs-revision 1.28)
)
(/usr/local/texlive/2008/texmf-dist/tex/latex/beamer/themes/inner/beamerinnerth
emedefault.sty
Package: beamerinnerthemedefault 2007/01/28  (rcs-revision 1.20)
\beamer@dima=\dimen176
\beamer@dimb=\dimen177
)
(/usr/local/texlive/2008/texmf-dist/tex/latex/beamer/themes/outer/beamerouterth
emedefault.sty
Package: beamerouterthemedefault 2007/01/28  (rcs-revision 1.14)
))) (./preamble/Beamer-Settings.tex (./beamerthemeSCC.sty
Package: beamerthemeSCC 

(/usr/local/texlive/2008/texmf-dist/tex/latex/beamer/themes/inner/beamerinnerth
emerounded.sty
Package: beamerinnerthemerounded 2007/01/28  (rcs-revision 1.5)
) (./beamercolorthemeSCC.sty
Package: beamercolorthemeSCC 
) (./beamerouterthemeSCC.sty
Package: beamerouterthemeSCC 
))
(/usr/local/texlive/2008/texmf-dist/tex/latex/oberdiek/epstopdf.sty
Package: epstopdf 2008/05/06 v1.7 Conversion with epstopdf on the fly (HO)

(/usr/local/texlive/2008/texmf-dist/tex/latex/oberdiek/grfext.sty
Package: grfext 2007/09/30 v1.0 Managing graphics extensions (HO)
)
Package grfext Info: Graphics extension search list:
(grfext)             [.png,.pdf,.jpg,.mps,.jpeg,.jbig2,.jb2,.PNG,.PDF,.JPG,.JPE
G,.JBIG2,.JB2,.eps]
(grfext)             \AppendGraphicsExtensions on input line 323.
)
(/usr/local/texlive/2008/texmf-dist/tex/latex/listings/listings.sty
\lst@mode=\count150
\lst@gtempboxa=\box52
\lst@token=\toks38
\lst@length=\count151
\lst@currlwidth=\dimen178
\lst@column=\count152
\lst@pos=\count153
\lst@lostspace=\dimen179
\lst@width=\dimen180
\lst@newlines=\count154
\lst@lineno=\count155
\lst@maxwidth=\dimen181

(/usr/local/texlive/2008/texmf-dist/tex/latex/listings/lstmisc.sty
File: lstmisc.sty 2007/02/22 1.4 (Carsten Heinz)
\c@lstnumber=\count156
\lst@skipnumbers=\count157
\lst@framebox=\box53
)
(/usr/local/texlive/2008/texmf-dist/tex/latex/listings/listings.cfg
File: listings.cfg 2007/02/22 1.4 listings configuration
))
Package: listings 2007/02/22 1.4 (Carsten Heinz)

(/usr/local/texlive/2008/texmf-dist/tex/latex/listings/lstlang1.sty
File: lstlang1.sty 2004/09/05 1.3 listings language file
)
(/usr/local/texlive/2008/texmf-dist/tex/latex/listings/lstlang2.sty
File: lstlang2.sty 2004/09/05 1.3 listings language file
)
(/usr/local/texlive/2008/texmf-dist/tex/latex/listings/lstlang3.sty
File: lstlang3.sty 2004/09/05 1.3 listings language file
))
(./Graphics course.aux)
\openout1 = `"Graphics course.aux"'.

LaTeX Font Info:    Checking defaults for OML/cmm/m/it on input line 28.
LaTeX Font Info:    ... okay on input line 28.
LaTeX Font Info:    Checking defaults for T1/cmr/m/n on input line 28.
LaTeX Font Info:    ... okay on input line 28.
LaTeX Font Info:    Checking defaults for OT1/cmr/m/n on input line 28.
LaTeX Font Info:    ... okay on input line 28.
LaTeX Font Info:    Checking defaults for OMS/cmsy/m/n on input line 28.
LaTeX Font Info:    ... okay on input line 28.
LaTeX Font Info:    Checking defaults for OMX/cmex/m/n on input line 28.
LaTeX Font Info:    ... okay on input line 28.
LaTeX Font Info:    Checking defaults for U/cmr/m/n on input line 28.
LaTeX Font Info:    ... okay on input line 28.
LaTeX Font Info:    Checking defaults for PD1/pdf/m/n on input line 28.
LaTeX Font Info:    ... okay on input line 28.

(/usr/local/texlive/2008/texmf-dist/tex/context/base/supp-pdf.tex
[Loading MPS to PDF converter (version 2006.09.02).]
\scratchcounter=\count158
\scratchdimen=\dimen182
\scratchbox=\box54
\nofMPsegments=\count159
\nofMParguments=\count160
\everyMPshowfont=\toks39
\MPscratchCnt=\count161
\MPscratchDim=\dimen183
\MPnumerator=\count162
\everyMPtoPDFconversion=\toks40
)
*geometry auto-detecting driver*
*geometry detected driver: pdftex*
-------------------- Geometry parameters
paper: user defined
landscape: --
twocolumn: --
twoside: --
asymmetric: --
h-parts: 28.45274pt, 307.28987pt, 28.45274pt
v-parts: 0.0pt, 273.14662pt, 0.0pt
hmarginratio: --
vmarginratio: --
lines: --
heightrounded: --
bindingoffset: 0.0pt
truedimen: --
includehead: true
includefoot: true
includemp: --
driver: pdftex
-------------------- Page layout dimensions and switches
\paperwidth  364.19536pt
\paperheight 273.14662pt
\textwidth  307.28987pt
\textheight 244.6939pt
\oddsidemargin  -43.81725pt
\evensidemargin -43.81725pt
\topmargin  -72.26999pt
\headheight 14.22636pt
\headsep    0.0pt
\footskip   14.22636pt
\marginparwidth 4.0pt
\marginparsep   10.0pt
\columnsep  10.0pt
\skip\footins  10.0pt plus 4.0pt minus 2.0pt
\hoffset 0.0pt
\voffset 0.0pt
\mag 1000

(1in=72.27pt, 1cm=28.45pt)
-----------------------
Package hyperref Info: Link coloring OFF on input line 28.
(/usr/local/texlive/2008/texmf-dist/tex/latex/hyperref/nameref.sty
Package: nameref 2007/05/29 v2.31 Cross-referencing by name of section

(/usr/local/texlive/2008/texmf-dist/tex/latex/oberdiek/refcount.sty
Package: refcount 2008/08/11 v3.1 Data extraction from references (HO)
)
\c@section@level=\count163
)
LaTeX Info: Redefining \ref on input line 28.
LaTeX Info: Redefining \pageref on input line 28.

(./Graphics course.out) (./Graphics course.out)
\@outlinefile=\write4
\openout4 = `"Graphics course.out"'.

\AtBeginShipoutBox=\box55
LaTeX Font Info:    Overwriting symbol font `operators' in version `normal'
(Font)                  OT1/cmr/m/n --> OT1/cmss/m/n on input line 28.
LaTeX Font Info:    Overwriting symbol font `operators' in version `bold'
(Font)                  OT1/cmr/bx/n --> OT1/cmss/bx/n on input line 28.
\symnumbers=\mathgroup6
\sympureletters=\mathgroup7
LaTeX Font Info:    Overwriting math alphabet `\mathrm' in version `normal'
(Font)                  OT1/cmss/m/n --> OT1/cmr/m/n on input line 28.
LaTeX Font Info:    Redeclaring math alphabet \mathbf on input line 28.
LaTeX Font Info:    Overwriting math alphabet `\mathbf' in version `normal'
(Font)                  OT1/cmr/bx/n --> OT1/cmss/bx/n on input line 28.
LaTeX Font Info:    Overwriting math alphabet `\mathbf' in version `bold'
(Font)                  OT1/cmr/bx/n --> OT1/cmss/bx/n on input line 28.
LaTeX Font Info:    Redeclaring math alphabet \mathsf on input line 28.
LaTeX Font Info:    Overwriting math alphabet `\mathsf' in version `normal'
(Font)                  OT1/cmss/m/n --> OT1/cmss/m/n on input line 28.
LaTeX Font Info:    Overwriting math alphabet `\mathsf' in version `bold'
(Font)                  OT1/cmss/bx/n --> OT1/cmss/m/n on input line 28.
LaTeX Font Info:    Redeclaring math alphabet \mathit on input line 28.
LaTeX Font Info:    Overwriting math alphabet `\mathit' in version `normal'
(Font)                  OT1/cmr/m/it --> OT1/cmss/m/it on input line 28.
LaTeX Font Info:    Overwriting math alphabet `\mathit' in version `bold'
(Font)                  OT1/cmr/bx/it --> OT1/cmss/m/it on input line 28.
LaTeX Font Info:    Redeclaring math alphabet \mathtt on input line 28.
LaTeX Font Info:    Overwriting math alphabet `\mathtt' in version `normal'
(Font)                  OT1/cmtt/m/n --> OT1/cmtt/m/n on input line 28.
LaTeX Font Info:    Overwriting math alphabet `\mathtt' in version `bold'
(Font)                  OT1/cmtt/m/n --> OT1/cmtt/m/n on input line 28.
LaTeX Font Info:    Overwriting symbol font `numbers' in version `bold'
(Font)                  OT1/cmss/m/n --> OT1/cmss/bx/n on input line 28.
LaTeX Font Info:    Overwriting symbol font `pureletters' in version `bold'
(Font)                  OT1/cmss/m/it --> OT1/cmss/bx/it on input line 28.
LaTeX Font Info:    Overwriting math alphabet `\mathrm' in version `bold'
(Font)                  OT1/cmss/bx/n --> OT1/cmr/bx/n on input line 28.
LaTeX Font Info:    Overwriting math alphabet `\mathbf' in version `bold'
(Font)                  OT1/cmss/bx/n --> OT1/cmss/bx/n on input line 28.
LaTeX Font Info:    Overwriting math alphabet `\mathsf' in version `bold'
(Font)                  OT1/cmss/m/n --> OT1/cmss/bx/n on input line 28.
LaTeX Font Info:    Overwriting math alphabet `\mathit' in version `bold'
(Font)                  OT1/cmss/m/it --> OT1/cmss/bx/it on input line 28.
LaTeX Font Info:    Overwriting math alphabet `\mathtt' in version `bold'
(Font)                  OT1/cmtt/m/n --> OT1/cmtt/bx/n on input line 28.

(/usr/local/texlive/2008/texmf-dist/tex/latex/translator/translator-theorem-dic
tionary-English.dict
Dictionary: translator-theorem-dictionary, Language: English 
)
\c@lstlisting=\count164
 (./Graphics course.nav) (./content/Beamer-Title.tex

Package hyperref Warning: Option `pdfauthor' has already been used,
(hyperref)                setting the option has no effect on input line 5.


LaTeX Font Warning: Font shape `OT1/cmss/m/n' in size <4> not available
(Font)              size <5> substituted on input line 12.

<logo.png, id=203, 384.43625pt x 242.9075pt>
File: logo.png Graphic file (type png)
 <use logo.png> [1{/usr/local/texlive/2008/texmf-var/fonts/map/pdftex/updmap/pd
ftex.map}

 <./logo.png>])
(./content/Beamer-TOC.tex (./Graphics course.toc)
File: logo.png Graphic file (type png)
 <use logo.png> [2

])
(./content/Section-Prelim.tex
File: logo.png Graphic file (type png)
 <use logo.png> [3

])
(./content/Section-Summary_Plots.tex (./Graphics course.toc)

Class beamer Warning: Frame text is shrunk by a factor of 13.17139 percent inst
ead of 6 percent on input line 5.

File: logo.png Graphic file (type png)
<use logo.png> [4

]
\openout3 = `"Graphics course.vrb"'.

 (./Graphics course.vrb
LaTeX Font Info:    Try loading font information for U+msa on input line 5.

(/usr/local/texlive/2008/texmf-dist/tex/latex/amsfonts/umsa.fd
File: umsa.fd 2002/01/19 v2.2g AMS font definitions
)
LaTeX Font Info:    Try loading font information for U+msb on input line 5.

(/usr/local/texlive/2008/texmf-dist/tex/latex/amsfonts/umsb.fd
File: umsb.fd 2002/01/19 v2.2g AMS font definitions
)
<images/Unplot3.pdf, id=689, 505.89pt x 505.89pt>
File: images/Unplot3.pdf Graphic file (type pdf)
 <use images/Unplot3.pdf>)
File: logo.png Graphic file (type png)

<use logo.png> [5

]
Overfull \vbox (11.25784pt too high) detected at line 32
 []

File: logo.png Graphic file (type png)
<use logo.png> [6


 <./images/Unplot3.pdf>]
\openout3 = `"Graphics course.vrb"'.

 (./Graphics course.vrb
<images/segbarplot.pdf, id=892, 299.22765pt x 270.85263pt>
File: images/segbarplot.pdf Graphic file (type pdf)

<use images/segbarplot.pdf>)
File: logo.png Graphic file (type png)
 <use logo.png> [7

]
File: logo.png Graphic file (type png)
 <use logo.png> [8


 <./images/segbarplot.pdf>]
\openout3 = `"Graphics course.vrb"'.

 (./Graphics course.vrb
<images/dotPlot.pdf, id=1156, 505.89pt x 505.89pt>
File: images/dotPlot.pdf Graphic file (type pdf)
 <use images/dotPlot.pdf>)
File: logo.png Graphic file (type png)

<use logo.png> [9

]
Overfull \vbox (10.69434pt too high) detected at line 96
 []

File: logo.png Graphic file (type png)
<use logo.png> [10


 <./images/dotPlot.pdf>]
\openout3 = `"Graphics course.vrb"'.

 (./Graphics course.vrb
<images/hist_meanmed.pdf, id=1356, 505.89pt x 505.89pt>
File: images/hist_meanmed.pdf Graphic file (type pdf)

<use images/hist_meanmed.pdf>
Overfull \hbox (8.19455pt too wide) in paragraph at lines 16--17
 [] 
 []

)
File: logo.png Graphic file (type png)
 <use logo.png> [11

 <./images/hist_meanmed.pdf>]
\openout3 = `"Graphics course.vrb"'.

 (./Graphics course.vrb
<images/presHist.pdf, id=1460, 505.89pt x 505.89pt>
File: images/presHist.pdf Graphic file (type pdf)
 <use images/presHist.pdf>)
File: logo.png Graphic file (type png)

<use logo.png> [12

]
Overfull \vbox (7.89653pt too high) detected at line 144
 []

File: logo.png Graphic file (type png)
<use logo.png> [13


 <./images/presHist.pdf>]
\openout3 = `"Graphics course.vrb"'.

 (./Graphics course.vrb
<images/bwplot.pdf, id=1662, 505.89pt x 505.89pt>
File: images/bwplot.pdf Graphic file (type pdf)
 <use images/bwplot.pdf>)
File: logo.png Graphic file (type png)

<use logo.png> [14

]
File: logo.png Graphic file (type png)
 <use logo.png> [15


 <./images/bwplot.pdf>]
\openout3 = `"Graphics course.vrb"'.


(./Graphics course.vrb <images/beanPlot.pdf, id=1863, 505.89pt x 505.89pt>
File: images/beanPlot.pdf Graphic file (type pdf)

<use images/beanPlot.pdf>)
File: logo.png Graphic file (type png)
 <use logo.png> [16

]
Overfull \vbox (26.62686pt too high) detected at line 184
 []

File: logo.png Graphic file (type png)
<use logo.png> [17


 <./images/beanPlot.pdf>]
\openout3 = `"Graphics course.vrb"'.

 (./Graphics course.vrb
<images/scatterPlot.pdf, id=2063, 505.89pt x 505.89pt>
File: images/scatterPlot.pdf Graphic file (type pdf)

<use images/scatterPlot.pdf>)
File: logo.png Graphic file (type png)
 <use logo.png> [18

]
Overfull \vbox (5.12103pt too high) detected at line 201
 []

File: logo.png Graphic file (type png)
<use logo.png> [19


 <./images/scatterPlot.pdf>]
\openout3 = `"Graphics course.vrb"'.

 (./Graphics course.vrb
<images/qq.png, id=2264, 744.7825pt x 707.64375pt>
File: images/qq.png Graphic file (type png)
 <use images/qq.png>)
File: logo.png Graphic file (type png)

<use logo.png> [20

]
File: logo.png Graphic file (type png)
 <use logo.png> [21


 <./images/qq.png (PNG copy)>]
\openout3 = `"Graphics course.vrb"'.


(./Graphics course.vrb
<images/beanplotSurvey.png, id=2460, 700.6175pt x 630.355pt>
File: images/beanplotSurvey.png Graphic file (type png)

<use images/beanplotSurvey.png>)
File: logo.png Graphic file (type png)
 <use logo.png> [22

]
Overfull \vbox (3.22339pt too high) detected at line 238
 []

File: logo.png Graphic file (type png)
<use logo.png> [23


 <./images/beanplotSurvey.png (PNG copy)>]
\openout3 = `"Graphics course.vrb"'.


(./Graphics course.vrb <images/xyPlot.pdf, id=2655, 505.89pt x 505.89pt>
File: images/xyPlot.pdf Graphic file (type pdf)

<use images/xyPlot.pdf>)
File: logo.png Graphic file (type png)
 <use logo.png> [24

]
Overfull \vbox (0.58641pt too high) detected at line 286
 []

File: logo.png Graphic file (type png)
<use logo.png> [25


 <./images/xyPlot.pdf>]
\openout3 = `"Graphics course.vrb"'.

 (./Graphics course.vrb
<images/xyPlotInd.png, id=2858, 747.79375pt x 672.5125pt>
File: images/xyPlotInd.png Graphic file (type png)

<use images/xyPlotInd.png>)
File: logo.png Graphic file (type png)
 <use logo.png> [26

]
File: logo.png Graphic file (type png)
 <use logo.png> [27


 <./images/xyPlotInd.png (PNG copy)>]
File: logo.png Graphic file (type png)
 <use logo.png> [28

]) (./content/Section-TS_Plots.tex
(./Graphics course.toc)
File: logo.png Graphic file (type png)
 <use logo.png> [29

]
\openout3 = `"Graphics course.vrb"'.

 (./Graphics course.vrb
<images/Mtvsplot1.pdf, id=3257, 722.7pt x 433.62pt>
File: images/Mtvsplot1.pdf Graphic file (type pdf)
 <use images/Mtvsplot1.pdf>)
File: logo.png Graphic file (type png)
<use logo.png> [30

]
File: logo.png Graphic file (type png)
 <use logo.png> [31


]
Overfull \vbox (7.89764pt too high) detected at line 89
 []

File: logo.png Graphic file (type png)
<use logo.png> [32


 <./images/Mtvsplot1.pdf>]
\openout3 = `"Graphics course.vrb"'.

 (./Graphics course.vrb)
File: logo.png Graphic file (type png)

<use logo.png> [33

]
\openout3 = `"Graphics course.vrb"'.

 (./Graphics course.vrb
<images/Mtvsplot2.pdf, id=3655, 722.7pt x 433.62pt>
File: images/Mtvsplot2.pdf Graphic file (type pdf)
 <use images/Mtvsplot2.pdf>)
Overfull \vbox (14.89764pt too high) detected at line 120
 []

File: logo.png Graphic file (type png)
<use logo.png> [34

 <./images/Mtvsplot2.pdf>]
\openout3 = `"Graphics course.vrb"'.

 (./Graphics course.vrb
<images/stockPlot2.pdf, id=3757, 505.89pt x 505.89pt>
File: images/stockPlot2.pdf Graphic file (type pdf)

<use images/stockPlot2.pdf>)
File: logo.png Graphic file (type png)
 <use logo.png> [35

]
Overfull \vbox (10.69862pt too high) detected at line 141
 []

File: logo.png Graphic file (type png)
<use logo.png> [36


 <./images/stockPlot2.pdf>]
File: logo.png Graphic file (type png)
 <use logo.png> [37

])
(./content/Section-Geo_Plots.tex (./Graphics course.toc)

Class beamer Warning: Frame text is shrunk by a factor of 8.21075 percent inste
ad of 6 percent on input line 5.

File: logo.png Graphic file (type png)
<use logo.png> [38

]
\openout3 = `"Graphics course.vrb"'.

 (./Graphics course.vrb
<images/Fuji.pdf, id=4160, 1084.05pt x 722.7pt>
File: images/Fuji.pdf Graphic file (type pdf)
 <use images/Fuji.pdf>
Overfull \hbox (2.84521pt too wide) in paragraph at lines 16--17
 [] 
 []

)
File: logo.png Graphic file (type png)
 <use logo.png> [39

 <./images/Fuji.pdf>]
\openout3 = `"Graphics course.vrb"'.

 (./Graphics course.vrb
<images/fujiColor.pdf, id=4263, 722.7pt x 433.62pt>
File: images/fujiColor.pdf Graphic file (type pdf)
 <use images/fujiColor.pdf>)
File: logo.png Graphic file (type png)
<use logo.png> [40

]
File: logo.png Graphic file (type png)
 <use logo.png> [41


]
Overfull \vbox (5.64142pt too high) detected at line 59
 []

File: logo.png Graphic file (type png)
<use logo.png> [42


 <./images/fujiColor.pdf>]
\openout3 = `"Graphics course.vrb"'.

 (./Graphics course.vrb
<images/Fuji2.pdf, id=4560, 505.89pt x 505.89pt>
File: images/Fuji2.pdf Graphic file (type pdf)
 <use images/Fuji2.pdf>)
File: logo.png Graphic file (type png)

<use logo.png> [43

]
Overfull \vbox (22.69434pt too high) detected at line 87
 []

File: logo.png Graphic file (type png)
<use logo.png> [44


 <./images/Fuji2.pdf>]
\openout3 = `"Graphics course.vrb"'.

 (./Graphics course.vrb)
File: logo.png Graphic file (type png)

<use logo.png> [45

]
File: logo.png Graphic file (type png)
 <use logo.png> [46

]) (./content/Section-3D_Plots.tex
(./Graphics course.toc)

Class beamer Warning: Frame text is shrunk by a factor of 17.32178 percent inst
ead of 6 percent on input line 6.

File: logo.png Graphic file (type png)
<use logo.png> [47

]
\openout3 = `"Graphics course.vrb"'.

 (./Graphics course.vrb
<images/wireframe.pdf, id=5066, 505.89pt x 505.89pt>
File: images/wireframe.pdf Graphic file (type pdf)

<use images/wireframe.pdf>
Overfull \hbox (2.84521pt too wide) in paragraph at lines 18--19
 [] 
 []

)
Overfull \vbox (9.57121pt too high) detected at line 31
 []

File: logo.png Graphic file (type png)
<use logo.png> [48

 <./images/wireframe.pdf>]
\openout3 = `"Graphics course.vrb"'.

 (./Graphics course.vrb
<images/levelplot.pdf, id=5167, 505.89pt x 505.89pt>
File: images/levelplot.pdf Graphic file (type pdf)

<use images/levelplot.pdf>
Overfull \hbox (2.84521pt too wide) in paragraph at lines 14--15
 [] 
 []

)
Overfull \vbox (2.64795pt too high) detected at line 51
 []

File: logo.png Graphic file (type png)
<use logo.png> [49

 <./images/levelplot.pdf>]
\openout3 = `"Graphics course.vrb"'.

 (./Graphics course.vrb
<images/image.pdf, id=5269, 505.89pt x 505.89pt>
File: images/image.pdf Graphic file (type pdf)
 <use images/image.pdf>
Overfull \hbox (8.99232pt too wide) in paragraph at lines 16--17
 [] 
 []

)
Overfull \vbox (2.64795pt too high) detected at line 73
 []

File: logo.png Graphic file (type png)
<use logo.png> [50

 <./images/image.pdf>]
\openout3 = `"Graphics course.vrb"'.

 (./Graphics course.vrb
<images/ggplotPlot1.pdf, id=5370, 1445.4pt x 722.7pt>
File: images/ggplotPlot1.pdf Graphic file (type pdf)

<use images/ggplotPlot1.pdf>
Overfull \hbox (10.69911pt too wide) in paragraph at lines 29--30
 [] 
 []

)
File: logo.png Graphic file (type png)
 <use logo.png> [51

]
File: logo.png Graphic file (type png)
 <use logo.png> [52


]
File: logo.png Graphic file (type png)
 <use logo.png> [53


 <./images/ggplotPlot1.pdf>]
\openout3 = `"Graphics course.vrb"'.

 (./Graphics course.vrb
<images/ggplotPlot2.pdf, id=5669, 1445.4pt x 722.7pt>
File: images/ggplotPlot2.pdf Graphic file (type pdf)

<use images/ggplotPlot2.pdf>
Overfull \hbox (10.69911pt too wide) in paragraph at lines 15--16
 [] 
 []

)
File: logo.png Graphic file (type png)
 <use logo.png> [54

]
File: logo.png Graphic file (type png)
 <use logo.png> [55


 <./images/ggplotPlot2.pdf>]
\openout3 = `"Graphics course.vrb"'.


(./Graphics course.vrb <images/Fiji_RGL.png, id=5869, 522.95375pt x 509.905pt>
File: images/Fiji_RGL.png Graphic file (type png)

<use images/Fiji_RGL.png>
Overfull \hbox (2.84521pt too wide) in paragraph at lines 18--19
 [] 
 []

)
File: logo.png Graphic file (type png)
 <use logo.png> [56

 <./images/Fiji_RGL.png (PNG copy)>]
\openout3 = `"Graphics course.vrb"'.

 (./Graphics course.vrb)
File: logo.png Graphic file (type png)
 <use logo.png> [57

]
\openout3 = `"Graphics course.vrb"'.

 (./Graphics course.vrb)
File: logo.png Graphic file (type png)
 <use logo.png> [58

]
File: logo.png Graphic file (type png)

<use logo.png> [59

]) (./content/Section-Simulations.tex (./Graphics course.toc)

Class beamer Warning: Frame text is shrunk by a factor of 8.21075 percent inste
ad of 6 percent on input line 6.

File: logo.png Graphic file (type png)
<use logo.png> [60

]
\openout3 = `"Graphics course.vrb"'.

 (./Graphics course.vrb)
File: logo.png Graphic file (type png)
 <use logo.png> [61

]
\openout3 = `"Graphics course.vrb"'.


(./Graphics course.vrb
<images/simulation.png, id=6463, 728.7225pt x 507.8975pt>
File: images/simulation.png Graphic file (type png)

<use images/simulation.png>)
File: logo.png Graphic file (type png)
 <use logo.png> [62

]
File: logo.png Graphic file (type png)
 <use logo.png> [63


 <./images/simulation.png (PNG copy)>]
\openout3 = `"Graphics course.vrb"'.

 (./Graphics course.vrb
<images/contourSim.pdf, id=6661, 505.89pt x 505.89pt>
File: images/contourSim.pdf Graphic file (type pdf)

<use images/contourSim.pdf>)
File: logo.png Graphic file (type png)
 <use logo.png> [64

]
Overfull \vbox (4.19902pt too high) detected at line 100
 []

File: logo.png Graphic file (type png)
<use logo.png> [65


 <./images/contourSim.pdf>]
\openout3 = `"Graphics course.vrb"'.

 (./Graphics course.vrb
<images/plot3dSin1.png, id=6860, 410.53375pt x 438.63875pt>
File: images/plot3dSin1.png Graphic file (type png)

<use images/plot3dSin1.png>
<images/plot3dSin2.png, id=6861, 491.8375pt x 446.66875pt>
File: images/plot3dSin2.png Graphic file (type png)

<use images/plot3dSin2.png>)
File: logo.png Graphic file (type png)
 <use logo.png> [66

]
File: logo.png Graphic file (type png)
 <use logo.png> [67


 <./images/plot3dSin1.png (PNG copy)> <./images/plot3dSin2.png (PNG copy)>]
File: logo.png Graphic file (type png)
 <use logo.png>
[68

]) (./content/Section-Solutions.tex (./Graphics course.toc)

Class beamer Warning: Frame text is shrunk by a factor of 17.32178 percent inst
ead of 6 percent on input line 2.

File: logo.png Graphic file (type png)
<use logo.png> [69

]
\openout3 = `"Graphics course.vrb"'.

 (./Graphics course.vrb)
File: logo.png Graphic file (type png)
 <use logo.png> [70

]
\openout3 = `"Graphics course.vrb"'.


(./Graphics course.vrb)
File: logo.png Graphic file (type png)
 <use logo.png> [71

]
\openout3 = `"Graphics course.vrb"'.

 (./Graphics course.vrb)
File: logo.png Graphic file (type png)

<use logo.png> [72

]
\openout3 = `"Graphics course.vrb"'.

 (./Graphics course.vrb)
File: logo.png Graphic file (type png)
 <use logo.png> [73

]
\openout3 = `"Graphics course.vrb"'.


(./Graphics course.vrb)
File: logo.png Graphic file (type png)
 <use logo.png> [74

]) (./content/Section-Resources.tex
(./Graphics course.toc)
File: logo.png Graphic file (type png)
 <use logo.png> [75

]
\openout3 = `"Graphics course.vrb"'.

 (./Graphics course.vrb)
File: logo.png Graphic file (type png)

<use logo.png> [76

]
File: logo.png Graphic file (type png)
 <use logo.png> [77

])
\tf@nav=\write5
\openout5 = `"Graphics course.nav"'.

\tf@toc=\write6
\openout6 = `"Graphics course.toc"'.

\tf@snm=\write7
\openout7 = `"Graphics course.snm"'.

 (./Graphics course.aux)

LaTeX Font Warning: Size substitutions with differences
(Font)              up to 1.0pt have occurred.

 ) 
Here is how much of TeX's memory you used:
 15624 strings out of 493876
 270899 string characters out of 1150567
 521514 words of memory out of 3000000
 18181 multiletter control sequences out of 10000+50000
 17326 words of font info for 67 fonts, out of 3000000 for 5000
 714 hyphenation exceptions out of 8191
 49i,19n,86p,325b,1918s stack positions out of 5000i,500n,10000p,200000b,50000s
</usr/local/texlive/2008/texmf-dist/fonts/type1/bluesky/cm/cmsltt10.pfb></usr
/local/texlive/2008/texmf-dist/fonts/type1/bluesky/cm/cmss10.pfb></usr/local/te
xlive/2008/texmf-dist/fonts/type1/bluesky/cm/cmss12.pfb></usr/local/texlive/200
8/texmf-dist/fonts/type1/bluesky/cm/cmss8.pfb></usr/local/texlive/2008/texmf-di
st/fonts/type1/bluesky/cm/cmss9.pfb></usr/local/texlive/2008/texmf-dist/fonts/t
ype1/bluesky/cm/cmssbx10.pfb></usr/local/texlive/2008/texmf-dist/fonts/type1/bl
uesky/cm/cmssi10.pfb></usr/local/texlive/2008/texmf-dist/fonts/type1/bluesky/cm
/cmsy10.pfb></usr/local/texlive/2008/texmf-dist/fonts/type1/bluesky/cm/cmtt10.p
fb></usr/local/texlive/2008/texmf-dist/fonts/type1/bluesky/cm/cmtt12.pfb></usr/
local/texlive/2008/texmf-dist/fonts/type1/bluesky/cm/cmtt8.pfb></usr/local/texl
ive/2008/texmf-dist/fonts/type1/bluesky/cm/cmtt9.pfb>
Output written on "Graphics course.pdf" (77 pages, 5594426 bytes).
PDF statistics:
 8136 PDF objects out of 8907 (max. 8388607)
 184 named destinations out of 1000 (max. 131072)
 476 words of extra memory for PDF output out of 10000 (max. 10000000)

